<?xml version="1.0" encoding="UTF-8"?>
<!-- Generated by org.testng.reporters.JUnitReportReporter -->
<testsuite hostname="selenium" name="Transfer.CreateRD" tests="3" failures="0" timestamp="28 Jan 2017 06:36:12 GMT" time="27.154" errors="0">
  <testcase name="recuringDeposit" time="18.395" classname="Transfer.CreateRD"/>
  <testcase name="terminate" time="2.367" classname="Transfer.CreateRD"/>
  <testcase name="login" time="6.392" classname="Transfer.CreateRD"/>
</testsuite> <!-- Transfer.CreateRD -->
