<?xml version="1.0" encoding="UTF-8"?>
<!-- Generated by org.testng.reporters.JUnitReportReporter -->
<testsuite skipped="0" hostname="vijayp" name="configuration.AddDeleteUser" tests="5" failures="0" timestamp="05 Dec 2017 07:39:00 GMT" time="97.558" errors="0">
  <testcase name="Login" time="17.403" classname="configuration.AddDeleteUser"/>
  <testcase name="addusr1" time="21.118" classname="configuration.AddDeleteUser"/>
  <testcase name="addusr2" time="18.725" classname="configuration.AddDeleteUser"/>
  <testcase name="addusr3" time="21.221" classname="configuration.AddDeleteUser"/>
  <testcase name="deleteusr" time="19.091" classname="configuration.AddDeleteUser"/>
</testsuite> <!-- configuration.AddDeleteUser -->
