<?xml version="1.0" encoding="UTF-8"?>
<!-- Generated by org.testng.reporters.JUnitReportReporter -->
<testsuite skipped="0" hostname="selenium" name="configuration.EditLedgerGLA" tests="1" failures="0" timestamp="28 Mar 2017 12:30:09 GMT" time="27.888" errors="0">
  <testcase name="EditLedger" time="27.888" classname="configuration.EditLedgerGLA"/>
</testsuite> <!-- configuration.EditLedgerGLA -->
