<?xml version="1.0" encoding="UTF-8"?>
<!-- Generated by org.testng.reporters.JUnitReportReporter -->
<testsuite hostname="selenium" name="Transfer.AddCustomer" tests="7" failures="0" timestamp="28 Jan 2017 06:36:12 GMT" time="155.842" errors="0">
  <testcase name="shareTransaction" time="19.684" classname="Transfer.AddCustomer"/>
  <testcase name="cashwindowDepositMNY" time="17.695" classname="Transfer.AddCustomer"/>
  <testcase name="login" time="9.310" classname="Transfer.AddCustomer"/>
  <testcase name="terminate" time="2.317" classname="Transfer.AddCustomer"/>
  <testcase name="createSBAccount" time="26.554" classname="Transfer.AddCustomer"/>
  <testcase name="addcustomer" time="53.809" classname="Transfer.AddCustomer"/>
  <testcase name="createshareAccount" time="26.473" classname="Transfer.AddCustomer"/>
</testsuite> <!-- Transfer.AddCustomer -->
