<?xml version="1.0" encoding="UTF-8"?>
<!-- Generated by org.testng.reporters.JUnitReportReporter -->
<testsuite hostname="maheshb" name="Customer.EditCustomer" tests="3" failures="0" timestamp="28 Sep 2016 05:08:42 GMT" time="34.697" errors="0">
  <testcase name="editcust" time="24.289" classname="Customer.EditCustomer"/>
  <testcase name="Login" time="6.646" classname="Customer.EditCustomer"/>
  <testcase name="searchcust" time="3.762" classname="Customer.EditCustomer"/>
</testsuite> <!-- Customer.EditCustomer -->
