<?xml version="1.0" encoding="UTF-8"?>
<!-- Generated by org.testng.reporters.JUnitReportReporter -->
<testsuite skipped="0" hostname="vijayp" name="configuration.AddOrg" tests="1" failures="0" timestamp="05 Dec 2017 07:39:00 GMT" time="53.975" errors="0">
  <testcase name="addorganization" time="53.975" classname="configuration.AddOrg"/>
</testsuite> <!-- configuration.AddOrg -->
