<?xml version="1.0" encoding="UTF-8"?>
<!-- Generated by org.testng.reporters.JUnitReportReporter -->
<testsuite hostname="maheshb" name="Reports.MISreport" tests="11" failures="0" timestamp="20 Sep 2016 05:27:04 GMT" time="242.915" errors="0">
  <testcase name="trialBal" time="20.766" classname="Reports.MISreport"/>
  <testcase name="balancesheet" time="22.526" classname="Reports.MISreport"/>
  <testcase name="close" time="0.907" classname="Reports.MISreport"/>
  <testcase name="login" time="7.707" classname="Reports.MISreport"/>
  <testcase name="loanduelistdaywise" time="18.626" classname="Reports.MISreport"/>
  <testcase name="depositmatlist" time="65.935" classname="Reports.MISreport"/>
  <testcase name="daybook" time="23.666" classname="Reports.MISreport"/>
  <testcase name="rcptandpymnt" time="23.580" classname="Reports.MISreport"/>
  <testcase name="profitandloss" time="24.690" classname="Reports.MISreport"/>
  <testcase name="loanduelistdatewise" time="23.673" classname="Reports.MISreport"/>
  <testcase name="intrstreport" time="10.839" classname="Reports.MISreport"/>
</testsuite> <!-- Reports.MISreport -->
