<?xml version="1.0" encoding="UTF-8"?>
<!-- Generated by org.testng.reporters.JUnitReportReporter -->
<testsuite hostname="selenium" name="Transfer.CreatePigmyDeposit" tests="4" failures="0" timestamp="28 Jan 2017 06:36:12 GMT" time="46.266" errors="0">
  <testcase name="terminate" time="0.103" classname="Transfer.CreatePigmyDeposit"/>
  <testcase name="pigmycollection" time="14.818" classname="Transfer.CreatePigmyDeposit"/>
  <testcase name="pigmyaccont" time="25.886" classname="Transfer.CreatePigmyDeposit"/>
  <testcase name="login" time="5.459" classname="Transfer.CreatePigmyDeposit"/>
</testsuite> <!-- Transfer.CreatePigmyDeposit -->
