<?xml version="1.0" encoding="UTF-8"?>
<!-- Generated by org.testng.reporters.JUnitReportReporter -->
<testsuite hostname="selenium" name="Transaction.agentTransfer" tests="2" failures="0" timestamp="28 Jan 2017 06:41:50 GMT" time="22.625" errors="0">
  <testcase name="agttrnsfr" time="15.618" classname="Transaction.agentTransfer"/>
  <testcase name="Login" time="7.007" classname="Transaction.agentTransfer"/>
</testsuite> <!-- Transaction.agentTransfer -->
