<?xml version="1.0" encoding="UTF-8"?>
<!-- Generated by org.testng.reporters.JUnitReportReporter -->
<testsuite skipped="0" hostname="selenium" name="configuration.AddDeleteUser" tests="5" failures="0" timestamp="18 Jan 2018 06:31:01 GMT" time="81.153" errors="0">
  <testcase name="Login" time="8.780" classname="configuration.AddDeleteUser"/>
  <testcase name="addusr1" time="18.569" classname="configuration.AddDeleteUser"/>
  <testcase name="addusr2" time="16.471" classname="configuration.AddDeleteUser"/>
  <testcase name="addusr3" time="19.479" classname="configuration.AddDeleteUser"/>
  <testcase name="deleteusr" time="17.854" classname="configuration.AddDeleteUser"/>
</testsuite> <!-- configuration.AddDeleteUser -->
