<?xml version="1.0" encoding="UTF-8"?>
<!-- Generated by org.testng.reporters.JUnitReportReporter -->
<testsuite skipped="0" hostname="selenium" name="Customer.ComplteFlow" tests="1" failures="0" timestamp="18 Jan 2018 06:53:46 GMT" time="7.756" errors="0">
  <testcase name="login" time="7.756" classname="Customer.ComplteFlow"/>
</testsuite> <!-- Customer.ComplteFlow -->
