<?xml version="1.0" encoding="UTF-8"?>
<!-- Generated by org.testng.reporters.JUnitReportReporter -->
<testsuite hostname="selenium" name="configuration.Updatepermi" tests="3" failures="0" timestamp="28 Jan 2017 06:41:50 GMT" time="93.462" errors="0">
  <testcase name="stf" time="44.077" classname="configuration.Updatepermi"/>
  <testcase name="login" time="6.333" classname="configuration.Updatepermi"/>
  <testcase name="mgr" time="43.052" classname="configuration.Updatepermi"/>
</testsuite> <!-- configuration.Updatepermi -->
