<?xml version="1.0" encoding="UTF-8"?>
<!-- Generated by org.testng.reporters.JUnitReportReporter -->
<testsuite hostname="maheshb" name="scripts.Demo" tests="5" failures="0" timestamp="21 Oct 2016 10:13:39 GMT" time="26.599" errors="0">
  <testcase name="executSessionOne" time="5.705" classname="scripts.Demo"/>
  <testcase name="executSessionOne" time="5.179" classname="scripts.Demo"/>
  <testcase name="executSessionOne" time="5.260" classname="scripts.Demo"/>
  <testcase name="executSessionOne" time="5.268" classname="scripts.Demo"/>
  <testcase name="executSessionOne" time="5.187" classname="scripts.Demo"/>
</testsuite> <!-- scripts.Demo -->
