<?xml version="1.0" encoding="UTF-8"?>
<!-- Generated by org.testng.reporters.JUnitReportReporter -->
<testsuite skipped="0" hostname="selenium" name="configuration.EditShareSettings" tests="1" failures="0" timestamp="18 Jan 2018 06:31:00 GMT" time="20.727" errors="0">
  <testcase name="EditShareSt" time="20.727" classname="configuration.EditShareSettings"/>
</testsuite> <!-- configuration.EditShareSettings -->
