<?xml version="1.0" encoding="UTF-8"?>
<!-- Generated by org.testng.reporters.JUnitReportReporter -->
<testsuite skipped="0" hostname="vijayp" name="configuration.EditDepositSchemes" tests="1" failures="0" timestamp="05 Dec 2017 07:39:00 GMT" time="58.970" errors="0">
  <testcase name="EditDeposit" time="58.970" classname="configuration.EditDepositSchemes"/>
</testsuite> <!-- configuration.EditDepositSchemes -->
