<?xml version="1.0" encoding="UTF-8"?>
<!-- Generated by org.testng.reporters.JUnitReportReporter -->
<testsuite hostname="maheshb" name="configuration.EditOrg" tests="1" failures="0" timestamp="1 Sep 2016 06:55:52 GMT" time="21.031" errors="0">
  <testcase name="editorg" time="21.031" classname="configuration.EditOrg"/>
</testsuite> <!-- configuration.EditOrg -->
