<?xml version="1.0" encoding="UTF-8"?>
<!-- Generated by org.testng.reporters.JUnitReportReporter -->
<testsuite skipped="7" hostname="vijayp" name="Deposits.CreateDeposit" tests="9" failures="0" timestamp="29 Jul 2017 07:01:30 GMT" time="30.609" errors="0">
  <testcase name="login" time="10.083" classname="Deposits.CreateDeposit"/>
  <testcase name="pigmyaccont" time="20.526" classname="Deposits.CreateDeposit"/>
  <testcase name="fixedDeposit" classname="Deposits.CreateDeposit">
    <skipped/>
  </testcase> <!-- fixedDeposit -->
  <testcase name="MonthlyScheme" classname="Deposits.CreateDeposit">
    <skipped/>
  </testcase> <!-- MonthlyScheme -->
  <testcase name="RSGFDeposit" classname="Deposits.CreateDeposit">
    <skipped/>
  </testcase> <!-- RSGFDeposit -->
  <testcase name="FiveTimesDeposit" classname="Deposits.CreateDeposit">
    <skipped/>
  </testcase> <!-- FiveTimesDeposit -->
  <testcase name="recuringDeposit" classname="Deposits.CreateDeposit">
    <skipped/>
  </testcase> <!-- recuringDeposit -->
  <testcase name="doubleDeposit" classname="Deposits.CreateDeposit">
    <skipped/>
  </testcase> <!-- doubleDeposit -->
  <testcase name="SRSabhivruddi" classname="Deposits.CreateDeposit">
    <skipped/>
  </testcase> <!-- SRSabhivruddi -->
</testsuite> <!-- Deposits.CreateDeposit -->
