<?xml version="1.0" encoding="UTF-8"?>
<!-- Generated by org.testng.reporters.JUnitReportReporter -->
<testsuite skipped="0" hostname="vijayp" name="configuration.Preference" tests="1" failures="0" timestamp="06 Dec 2017 11:57:26 GMT" time="23.927" errors="0">
  <testcase name="PreferenceTest" time="23.927" classname="configuration.Preference"/>
</testsuite> <!-- configuration.Preference -->
