<?xml version="1.0" encoding="UTF-8"?>
<!-- Generated by org.testng.reporters.JUnitReportReporter -->
<testsuite hostname="selenium" name="Transfer.CreateLoan" tests="2" failures="0" timestamp="28 Jan 2017 06:36:12 GMT" time="59.141" errors="0">
  <testcase name="login" time="7.863" classname="Transfer.CreateLoan"/>
  <testcase name="CCL" time="51.278" classname="Transfer.CreateLoan"/>
</testsuite> <!-- Transfer.CreateLoan -->
