<?xml version="1.0" encoding="UTF-8"?>
<!-- Generated by org.testng.reporters.JUnitReportReporter -->
<testsuite hostname="maheshb" name="Transaction.SIexucution" tests="2" failures="0" timestamp="5 Dec 2016 12:34:02 GMT" time="34.251" errors="0">
  <testcase name="Login" time="5.814" classname="Transaction.SIexucution"/>
  <testcase name="addNewSI" time="28.437" classname="Transaction.SIexucution"/>
</testsuite> <!-- Transaction.SIexucution -->
