<?xml version="1.0" encoding="UTF-8"?>
<!-- Generated by org.testng.reporters.JUnitReportReporter -->
<testsuite skipped="0" hostname="selenium" name="configuration.AddLedgerGL" tests="1" failures="0" timestamp="28 Mar 2017 12:30:09 GMT" time="26.588" errors="0">
  <testcase name="AddLedger" time="26.588" classname="configuration.AddLedgerGL"/>
</testsuite> <!-- configuration.AddLedgerGL -->
