<?xml version="1.0" encoding="UTF-8"?>
<!-- Generated by org.testng.reporters.JUnitReportReporter -->
<testsuite skipped="0" hostname="selenium" name="configuration.AddOrg" tests="1" failures="0" timestamp="18 Jan 2018 06:31:00 GMT" time="39.008" errors="0">
  <testcase name="addorganization" time="39.008" classname="configuration.AddOrg"/>
</testsuite> <!-- configuration.AddOrg -->
