<?xml version="1.0" encoding="UTF-8"?>
<!-- Generated by org.testng.reporters.JUnitReportReporter -->
<testsuite hostname="selenium" name="Deposits.FixedDeposit" tests="1" failures="0" timestamp="17 Feb 2017 10:39:20 GMT" time="22.537" errors="0">
  <testcase name="login" time="22.537" classname="Deposits.FixedDeposit"/>
</testsuite> <!-- Deposits.FixedDeposit -->
