<?xml version="1.0" encoding="UTF-8"?>
<!-- Generated by org.testng.reporters.JUnitReportReporter -->
<testsuite skipped="0" hostname="vijayp" name="configuration.AddDepositSchemes" tests="1" failures="0" timestamp="05 Dec 2017 07:39:00 GMT" time="409.573" errors="0">
  <testcase name="AddDeposit" time="409.573" classname="configuration.AddDepositSchemes"/>
</testsuite> <!-- configuration.AddDepositSchemes -->
