<?xml version="1.0" encoding="UTF-8"?>
<!-- Generated by org.testng.reporters.JUnitReportReporter -->
<testsuite skipped="0" hostname="selenium" name="configuration.EditFixedDeposit" tests="1" failures="0" timestamp="5 Apr 2017 04:12:54 GMT" time="58.292" errors="0">
  <testcase name="EditfixedD" time="58.292" classname="configuration.EditFixedDeposit"/>
</testsuite> <!-- configuration.EditFixedDeposit -->
