<?xml version="1.0" encoding="UTF-8"?>
<!-- Generated by org.testng.reporters.JUnitReportReporter -->
<testsuite skipped="0" hostname="selenium" name="configuration.Holiday" tests="1" failures="0" timestamp="18 Jan 2018 06:31:00 GMT" time="32.531" errors="0">
  <testcase name="hlydy" time="32.531" classname="configuration.Holiday"/>
</testsuite> <!-- configuration.Holiday -->
