<?xml version="1.0" encoding="UTF-8"?>
<!-- Generated by org.testng.reporters.JUnitReportReporter -->
<testsuite skipped="0" hostname="vijayp" name="configuration.AddAcctSchms" tests="1" failures="0" timestamp="05 Dec 2017 07:39:00 GMT" time="29.063" errors="0">
  <testcase name="Addacct" time="29.063" classname="configuration.AddAcctSchms"/>
</testsuite> <!-- configuration.AddAcctSchms -->
