<?xml version="1.0" encoding="UTF-8"?>
<!-- Generated by org.testng.reporters.JUnitReportReporter -->
<testsuite hostname="selenium" name="Transfer.CreateFD" tests="5" failures="0" timestamp="28 Jan 2017 06:36:12 GMT" time="68.323" errors="0">
  <testcase name="fixedDepositactive" time="23.811" classname="Transfer.CreateFD"/>
  <testcase name="terminate" time="2.381" classname="Transfer.CreateFD"/>
  <testcase name="fixedDepositinactive" time="18.285" classname="Transfer.CreateFD"/>
  <testcase name="login" time="7.174" classname="Transfer.CreateFD"/>
  <testcase name="transactionFD" time="16.672" classname="Transfer.CreateFD"/>
</testsuite> <!-- Transfer.CreateFD -->
