<?xml version="1.0" encoding="UTF-8"?>
<!-- Generated by org.testng.reporters.JUnitReportReporter -->
<testsuite hostname="maheshb" name="scripts.Demo1" tests="4" failures="0" timestamp="21 Oct 2016 11:01:42 GMT" time="12.473" errors="0">
  <testcase name="testMethod" time="3.108" classname="scripts.Demo1"/>
  <testcase name="testMethod" time="3.091" classname="scripts.Demo1"/>
  <testcase name="testMethod" time="3.082" classname="scripts.Demo1"/>
  <testcase name="testMethod" time="3.192" classname="scripts.Demo1"/>
</testsuite> <!-- scripts.Demo1 -->
