<?xml version="1.0" encoding="UTF-8"?>
<!-- Generated by org.testng.reporters.JUnitReportReporter -->
<testsuite hostname="maheshb" name="Reports.GeneralReport2" tests="7" failures="0" timestamp="27 Sep 2016 10:22:58 GMT" time="63.163" errors="0">
  <testcase name="login" time="9.627" classname="Reports.GeneralReport2"/>
  <testcase name="GuarantorList" time="6.999" classname="Reports.GeneralReport2"/>
  <testcase name="PigmyCommision" time="4.720" classname="Reports.GeneralReport2"/>
  <testcase name="NomineeRegister" time="18.445" classname="Reports.GeneralReport2"/>
  <testcase name="IntrestRecievedList" time="9.215" classname="Reports.GeneralReport2"/>
  <testcase name="ShareClosureList" time="7.036" classname="Reports.GeneralReport2"/>
  <testcase name="LoanMaturityList" time="7.121" classname="Reports.GeneralReport2"/>
</testsuite> <!-- Reports.GeneralReport2 -->
