<?xml version="1.0" encoding="UTF-8"?>
<!-- Generated by org.testng.reporters.JUnitReportReporter -->
<testsuite skipped="1" hostname="vijayp" name="configuration.AddCaste" tests="1" failures="0" timestamp="03 Jul 2017 12:49:57 GMT" time="0.000" errors="0">
  <testcase name="addcaste" time="0.000" classname="configuration.AddCaste">
    <skipped/>
  </testcase> <!-- addcaste -->
</testsuite> <!-- configuration.AddCaste -->
