<?xml version="1.0" encoding="UTF-8"?>
<!-- Generated by org.testng.reporters.JUnitReportReporter -->
<testsuite skipped="0" hostname="vijayp" name="configuration.ResetPW" tests="1" failures="0" timestamp="27 Jun 2017 11:39:48 GMT" time="48.658" errors="0">
  <testcase name="rstpwd" time="48.658" classname="configuration.ResetPW"/>
</testsuite> <!-- configuration.ResetPW -->
