<?xml version="1.0" encoding="UTF-8"?>
<!-- Generated by org.testng.reporters.JUnitReportReporter -->
<testsuite skipped="0" hostname="selenium" name="configuration.CasteMaster" tests="1" failures="0" timestamp="18 Jan 2018 06:31:00 GMT" time="27.271" errors="0">
  <testcase name="Caste" time="27.271" classname="configuration.CasteMaster"/>
</testsuite> <!-- configuration.CasteMaster -->
