<?xml version="1.0" encoding="UTF-8"?>
<!-- Generated by org.testng.reporters.JUnitReportReporter -->
<testsuite hostname="maheshb" name="configuration.DeleteUser" tests="1" failures="0" timestamp="6 Sep 2016 07:30:08 GMT" time="18.102" errors="0">
  <testcase name="dltusr" time="18.102" classname="configuration.DeleteUser"/>
</testsuite> <!-- configuration.DeleteUser -->
