<?xml version="1.0" encoding="UTF-8"?>
<!-- Generated by org.testng.reporters.JUnitReportReporter -->
<testsuite skipped="1" hostname="vijayp" name="CrossBranch.Withdraw_Test_parallel" tests="3" failures="0" timestamp="10 Jul 2017 11:08:24 GMT" time="100.176" errors="0">
  <testcase name="getmoney2" time="49.822" classname="CrossBranch.Withdraw_Test_parallel"/>
  <testcase name="getmoney1" time="50.354" classname="CrossBranch.Withdraw_Test_parallel"/>
  <testcase name="getmoney3" classname="CrossBranch.Withdraw_Test_parallel">
    <skipped/>
  </testcase> <!-- getmoney3 -->
</testsuite> <!-- CrossBranch.Withdraw_Test_parallel -->
