<?xml version="1.0" encoding="UTF-8"?>
<!-- Generated by org.testng.reporters.JUnitReportReporter -->
<testsuite skipped="0" hostname="vijayp" name="Customer.AddAgent" tests="4" failures="0" timestamp="29 Jul 2017 06:42:14 GMT" time="224.626" errors="0">
  <testcase name="login" time="10.897" classname="Customer.AddAgent"/>
  <testcase name="addcustomer" time="113.995" classname="Customer.AddAgent"/>
  <testcase name="createSBAccount" time="55.950" classname="Customer.AddAgent"/>
  <testcase name="cashwindowDepositMNY" time="43.784" classname="Customer.AddAgent"/>
</testsuite> <!-- Customer.AddAgent -->
