<?xml version="1.0" encoding="UTF-8"?>
<!-- Generated by org.testng.reporters.JUnitReportReporter -->
<testsuite skipped="6" hostname="selenium" name="Loans.CreateLoan" tests="7" failures="0" timestamp="18 Jan 2018 06:31:58 GMT" time="6.425" errors="0">
  <testcase name="login" time="6.425" classname="Loans.CreateLoan"/>
  <testcase name="pigmyloan" classname="Loans.CreateLoan">
    <skipped/>
  </testcase> <!-- pigmyloan -->
  <testcase name="FixedDepositLoan" classname="Loans.CreateLoan">
    <skipped/>
  </testcase> <!-- FixedDepositLoan -->
  <testcase name="goldloan" classname="Loans.CreateLoan">
    <skipped/>
  </testcase> <!-- goldloan -->
  <testcase name="MidTermLoan" classname="Loans.CreateLoan">
    <skipped/>
  </testcase> <!-- MidTermLoan -->
  <testcase name="HYPOTHICATIONLOAN" classname="Loans.CreateLoan">
    <skipped/>
  </testcase> <!-- HYPOTHICATIONLOAN -->
  <testcase name="recuringloan" classname="Loans.CreateLoan">
    <skipped/>
  </testcase> <!-- recuringloan -->
</testsuite> <!-- Loans.CreateLoan -->
