<?xml version="1.0" encoding="UTF-8"?>
<!-- Generated by org.testng.reporters.JUnitReportReporter -->
<testsuite skipped="0" hostname="selenium" name="configuration.AddDepositSchemes" tests="1" failures="0" timestamp="18 Jan 2018 06:31:00 GMT" time="296.292" errors="0">
  <testcase name="AddDeposit" time="296.292" classname="configuration.AddDepositSchemes"/>
</testsuite> <!-- configuration.AddDepositSchemes -->
