<?xml version="1.0" encoding="UTF-8"?>
<!-- Generated by org.testng.reporters.JUnitReportReporter -->
<testsuite skipped="0" hostname="selenium" name="Customer.AddAgent" tests="1" failures="0" timestamp="18 Jan 2018 06:59:02 GMT" time="8.110" errors="0">
  <testcase name="login" time="8.110" classname="Customer.AddAgent"/>
</testsuite> <!-- Customer.AddAgent -->
