<?xml version="1.0" encoding="UTF-8"?>
<!-- Generated by org.testng.reporters.JUnitReportReporter -->
<testsuite skipped="0" hostname="selenium" name="configuration.EditDepositSchemes" tests="1" failures="0" timestamp="18 Jan 2018 06:31:00 GMT" time="45.217" errors="0">
  <testcase name="EditDeposit" time="45.217" classname="configuration.EditDepositSchemes"/>
</testsuite> <!-- configuration.EditDepositSchemes -->
