<?xml version="1.0" encoding="UTF-8"?>
<!-- Generated by org.testng.reporters.JUnitReportReporter -->
<testsuite hostname="maheshb" name="configuration.AddHoliday" tests="1" failures="0" timestamp="19 Aug 2016 11:58:39 GMT" time="19.568" errors="0">
  <testcase name="f" time="19.568" classname="configuration.AddHoliday"/>
</testsuite> <!-- configuration.AddHoliday -->
